Oct 03, 2024 10:19:23 PM client.ClientLogger log
INFO: Sent: get
Oct 03, 2024 10:19:23 PM client.ClientLogger log
INFO: Received: null
Oct 03, 2024 10:19:31 PM client.ClientLogger log
INFO: Sent: hi
Oct 03, 2024 10:19:31 PM client.ClientLogger log
INFO: Received: null
Oct 03, 2024 10:19:34 PM client.ClientLogger log
INFO: Sent: put
Oct 03, 2024 10:19:34 PM client.ClientLogger log
INFO: Received: null
Oct 03, 2024 10:20:14 PM client.ClientLogger log
INFO: Sent: 
Oct 03, 2024 10:20:14 PM client.ClientLogger log
INFO: Received: null
Oct 03, 2024 10:20:25 PM client.ClientLogger log
INFO: Sent: put 6 F
Oct 03, 2024 10:20:25 PM client.ClientLogger log
INFO: Received: null
Oct 03, 2024 10:20:35 PM client.ClientLogger log
INFO: Sent: 
Oct 03, 2024 10:20:35 PM client.ClientLogger log
INFO: Received: null
Oct 03, 2024 10:20:39 PM client.ClientLogger log
INFO: Sent: get key1
Oct 03, 2024 10:20:39 PM client.ClientLogger log
INFO: Received: null
Oct 03, 2024 10:22:23 PM client.ClientLogger log
INFO: Sent: get key1
Oct 03, 2024 10:22:24 PM client.ClientLogger log
INFO: Received: Get: value1
Oct 03, 2024 10:22:38 PM client.ClientLogger log
INFO: Sent: put key6 value6
Oct 03, 2024 10:22:38 PM client.ClientLogger log
INFO: Received: Put: (key6, value6)
Oct 03, 2024 10:22:55 PM client.ClientLogger log
INFO: Sent: remove key6
Oct 03, 2024 10:22:55 PM client.ClientLogger log
INFO: Received: Removed: key6
Oct 03, 2024 10:24:47 PM client.ClientLogger log
INFO: Sent: exit
Oct 03, 2024 10:24:47 PM client.ClientLogger log
INFO: Received: Unknown command
Oct 03, 2024 10:26:40 PM client.ClientLogger log
INFO: Sent: put key6 value6
Oct 03, 2024 10:26:40 PM client.ClientLogger log
INFO: Received: Put: (key6, value6)
Oct 03, 2024 10:26:54 PM client.ClientLogger log
INFO: Sent: get key3
Oct 03, 2024 10:26:54 PM client.ClientLogger log
INFO: Received: Get: value3
Oct 03, 2024 10:35:42 PM client.ClientLogger log
INFO: Sent: exit
Oct 03, 2024 10:35:42 PM client.ClientLogger log
INFO: Received: Disconnecting...
Oct 03, 2024 10:39:20 PM client.ClientLogger log
INFO: Sent: put key6 value6
Oct 03, 2024 10:39:20 PM client.ClientLogger log
INFO: Received: Put: (key6, value6)
Oct 03, 2024 10:39:32 PM client.ClientLogger log
INFO: Sent: exit
Oct 03, 2024 10:39:32 PM client.ClientLogger log
INFO: Received: Disconnecting and stopping server...
Oct 03, 2024 10:42:39 PM client.ClientLogger log
INFO: Sent: exit
Oct 03, 2024 10:42:39 PM client.ClientLogger log
INFO: Received: Disconnecting and stopping server...
Oct 03, 2024 10:43:54 PM client.ClientLogger log
INFO: Sent: get key1
Oct 03, 2024 10:43:54 PM client.ClientLogger log
INFO: Received: Get: value1
Oct 03, 2024 10:44:04 PM client.ClientLogger log
INFO: Sent: exit
Oct 03, 2024 10:44:04 PM client.ClientLogger log
INFO: Received: Disconnecting and stopping server...
Oct 03, 2024 10:47:09 PM client.ClientLogger log
INFO: Sent: get key3
Oct 03, 2024 10:47:09 PM client.ClientLogger log
INFO: Received: Get: value3
Oct 03, 2024 10:47:22 PM client.ClientLogger log
INFO: Sent: put key6 value6
Oct 03, 2024 10:47:22 PM client.ClientLogger log
INFO: Received: Put: (key6, value6)
Oct 03, 2024 10:47:34 PM client.ClientLogger log
INFO: Sent: remove key4
Oct 03, 2024 10:47:34 PM client.ClientLogger log
INFO: Received: Removed: key4
Oct 03, 2024 10:47:43 PM client.ClientLogger log
INFO: Sent: exit
Oct 03, 2024 10:47:43 PM client.ClientLogger log
INFO: Received: Disconnecting and stopping server...
Oct 03, 2024 10:57:21 PM client.ClientLogger log
INFO: Sent: put key6 value6
Oct 03, 2024 10:57:21 PM client.ClientLogger log
INFO: Received: Put: (key6, value6)
Oct 03, 2024 10:57:30 PM client.ClientLogger log
INFO: Sent: get key5
Oct 03, 2024 10:57:30 PM client.ClientLogger log
INFO: Received: Get: value5
Oct 03, 2024 10:57:42 PM client.ClientLogger log
INFO: Sent: put key4 value8
Oct 03, 2024 10:57:42 PM client.ClientLogger log
INFO: Received: Put: (key4, value8)
Oct 03, 2024 10:57:53 PM client.ClientLogger log
INFO: Sent: remove key4
Oct 03, 2024 10:57:53 PM client.ClientLogger log
INFO: Received: Removed: key4
Oct 03, 2024 10:57:56 PM client.ClientLogger log
INFO: Sent: exit
Oct 03, 2024 10:57:56 PM client.ClientLogger log
INFO: Received: Disconnecting and stopping server...
Oct 03, 2024 11:08:14 PM client.ClientLogger log
INFO: Sent: put key6 value6
Oct 03, 2024 11:08:14 PM client.ClientLogger log
INFO: Received: Put: (key6, value6)
Oct 03, 2024 11:08:22 PM client.ClientLogger log
INFO: Sent: get key6
Oct 03, 2024 11:08:22 PM client.ClientLogger log
INFO: Received: Get: value6
Oct 03, 2024 11:08:29 PM client.ClientLogger log
INFO: Sent: remove key4
Oct 03, 2024 11:08:29 PM client.ClientLogger log
INFO: Received: Removed: key4
Oct 03, 2024 11:08:32 PM client.ClientLogger log
INFO: Sent: exit
Oct 03, 2024 11:08:32 PM client.ClientLogger log
INFO: Received: Disconnecting and stopping server...
Oct 03, 2024 11:34:24 PM client.ClientLogger log
INFO: Sent: print map
Oct 03, 2024 11:34:24 PM client.ClientLogger log
INFO: Received: Unknown command
Oct 03, 2024 11:35:09 PM client.ClientLogger log
INFO: Sent: print
Oct 03, 2024 11:35:09 PM client.ClientLogger log
INFO: Received: Map printed to server console
Oct 03, 2024 11:37:50 PM client.ClientLogger log
INFO: Sent: 
Oct 03, 2024 11:37:50 PM client.ClientLogger log
INFO: Received: Unknown command
Oct 03, 2024 11:37:53 PM client.ClientLogger log
INFO: Sent: exit
Oct 03, 2024 11:37:53 PM client.ClientLogger log
INFO: Received: Disconnecting and stopping server...
Oct 03, 2024 11:39:15 PM client.ClientLogger log
INFO: Sent: print
Oct 03, 2024 11:39:15 PM client.ClientLogger log
INFO: Received: {key1=value1, key2=value2, key5=value5, key3=value3, key4=value4}
Oct 03, 2024 11:40:03 PM client.ClientLogger log
INFO: Sent: put key6 value6
Oct 03, 2024 11:40:03 PM client.ClientLogger log
INFO: Received: Put: (key6, value6)
Oct 03, 2024 11:40:11 PM client.ClientLogger log
INFO: Sent: print
Oct 03, 2024 11:40:11 PM client.ClientLogger log
INFO: Received: {key1=value1, key2=value2, key5=value5, key6=value6, key3=value3, key4=value4}
Oct 03, 2024 11:40:16 PM client.ClientLogger log
INFO: Sent: get key5
Oct 03, 2024 11:40:16 PM client.ClientLogger log
INFO: Received: Get: value5
Oct 03, 2024 11:40:22 PM client.ClientLogger log
INFO: Sent: remove key6
Oct 03, 2024 11:40:22 PM client.ClientLogger log
INFO: Received: Removed: key6
Oct 03, 2024 11:40:24 PM client.ClientLogger log
INFO: Sent: print
Oct 03, 2024 11:40:24 PM client.ClientLogger log
INFO: Received: {key1=value1, key2=value2, key5=value5, key3=value3, key4=value4}
Oct 03, 2024 11:40:27 PM client.ClientLogger log
INFO: Sent: exit
Oct 03, 2024 11:40:27 PM client.ClientLogger log
INFO: Received: Disconnecting and stopping server...
Oct 04, 2024 10:32:00 AM client.ClientLogger log
INFO: Sent: put 1 value3
Oct 04, 2024 10:32:00 AM client.ClientLogger log
INFO: Received: Put: (1, value3)
Oct 04, 2024 10:32:04 AM client.ClientLogger log
INFO: Sent: print
Oct 04, 2024 10:32:04 AM client.ClientLogger log
INFO: Received: {key1=value1, key2=value2, 1=value3, key5=value5, key3=value3, key4=value4}
Oct 04, 2024 10:32:33 AM client.ClientLogger log
INFO: Sent: put 3.5 value7
Oct 04, 2024 10:32:33 AM client.ClientLogger log
INFO: Received: Put: (3.5, value7)
Oct 04, 2024 10:32:35 AM client.ClientLogger log
INFO: Sent: print
Oct 04, 2024 10:32:35 AM client.ClientLogger log
INFO: Received: {key1=value1, key2=value2, 1=value3, key5=value5, key3=value3, key4=value4, 3.5=value7}
Oct 04, 2024 10:32:42 AM client.ClientLogger log
INFO: Sent: get 3.5
Oct 04, 2024 10:32:42 AM client.ClientLogger log
INFO: Received: Get: value7
Oct 04, 2024 10:32:52 AM client.ClientLogger log
INFO: Sent: put 4+3 7
Oct 04, 2024 10:32:52 AM client.ClientLogger log
INFO: Received: Put: (4+3, 7)
Oct 04, 2024 11:02:10 AM client.ClientLogger log
INFO: Sent: exit
Oct 04, 2024 11:02:10 AM client.ClientLogger log
INFO: Received: Received exit command. Server continues to run.
Oct 04, 2024 11:23:39 AM client.ClientLogger log
INFO: Sent: put key6 value6
Oct 04, 2024 11:23:39 AM client.ClientLogger log
INFO: Received: Put: (key6, value6)
Oct 04, 2024 11:23:41 AM client.ClientLogger log
INFO: Sent: print
Oct 04, 2024 11:23:41 AM client.ClientLogger log
INFO: Received: {key1=value1, key2=value2, key5=value5, key6=value6, key3=value3, key4=value4}
Oct 04, 2024 11:23:48 AM client.ClientLogger log
INFO: Sent: get key4
Oct 04, 2024 11:23:48 AM client.ClientLogger log
INFO: Received: Get: value4
Oct 04, 2024 11:23:50 AM client.ClientLogger log
INFO: Sent: print
Oct 04, 2024 11:23:50 AM client.ClientLogger log
INFO: Received: {key1=value1, key2=value2, key5=value5, key6=value6, key3=value3, key4=value4}
Oct 04, 2024 11:23:56 AM client.ClientLogger log
INFO: Sent: remove key3
Oct 04, 2024 11:23:56 AM client.ClientLogger log
INFO: Received: Removed: key3
Oct 04, 2024 11:24:15 AM client.ClientLogger log
INFO: Sent: exit
Oct 04, 2024 11:24:15 AM client.ClientLogger log
INFO: Received: Received exit command. Server continues to run.
Oct 04, 2024 11:30:11 AM client.ClientLogger log
INFO: Sent: print
Oct 04, 2024 11:30:11 AM client.ClientLogger log
INFO: Received: {key1=value1, key2=value2, key5=value5, key3=value3, key4=value4}
Oct 04, 2024 11:30:20 AM client.ClientLogger log
INFO: Sent: put key6 value6
Oct 04, 2024 11:30:20 AM client.ClientLogger log
INFO: Received: Put: (key6, value6)
Oct 04, 2024 11:30:23 AM client.ClientLogger log
INFO: Sent: print
Oct 04, 2024 11:30:23 AM client.ClientLogger log
INFO: Received: {key1=value1, key2=value2, key5=value5, key6=value6, key3=value3, key4=value4}
Oct 04, 2024 11:30:29 AM client.ClientLogger log
INFO: Sent: get key2
Oct 04, 2024 11:30:29 AM client.ClientLogger log
INFO: Received: Get: value2
Oct 04, 2024 11:30:35 AM client.ClientLogger log
INFO: Sent: remove key3
Oct 04, 2024 11:30:35 AM client.ClientLogger log
INFO: Received: Removed: key3
Oct 04, 2024 11:30:38 AM client.ClientLogger log
INFO: Sent: print
Oct 04, 2024 11:30:38 AM client.ClientLogger log
INFO: Received: {key1=value1, key2=value2, key5=value5, key6=value6, key4=value4}
Oct 04, 2024 11:30:41 AM client.ClientLogger log
INFO: Sent: exit
Oct 04, 2024 11:30:41 AM client.ClientLogger log
INFO: Received: Received exit command. Server continues to run.
Oct 04, 2024 11:36:43 AM client.ClientLogger log
INFO: Sent: print
Oct 04, 2024 11:36:43 AM client.ClientLogger log
INFO: Received: {key1=value1, key2=value2, key5=value5, key3=value3, key4=value4}
Oct 04, 2024 11:36:53 AM client.ClientLogger log
INFO: Sent: put key6 value6
Oct 04, 2024 11:36:53 AM client.ClientLogger log
INFO: Received: Put: (key6, value6)
Oct 04, 2024 11:36:58 AM client.ClientLogger log
INFO: Sent: get key3
Oct 04, 2024 11:36:58 AM client.ClientLogger log
INFO: Received: Get: value3
Oct 04, 2024 11:37:05 AM client.ClientLogger log
INFO: Sent: remove key7
Oct 04, 2024 11:37:05 AM client.ClientLogger log
INFO: Received: Removed: key7
Oct 04, 2024 11:37:09 AM client.ClientLogger log
INFO: Sent: print
Oct 04, 2024 11:37:09 AM client.ClientLogger log
INFO: Received: {key1=value1, key2=value2, key5=value5, key6=value6, key3=value3, key4=value4}
Oct 04, 2024 11:37:29 AM client.ClientLogger log
INFO: Sent: get key7 
Oct 04, 2024 11:37:29 AM client.ClientLogger log
INFO: Received: Get: null
Oct 04, 2024 11:37:37 AM client.ClientLogger log
INFO: Sent: remove get5
Oct 04, 2024 11:37:37 AM client.ClientLogger log
INFO: Received: Removed: get5
Oct 04, 2024 11:37:39 AM client.ClientLogger log
INFO: Sent: prin
Oct 04, 2024 11:37:39 AM client.ClientLogger log
INFO: Received: Unknown command
Oct 04, 2024 11:37:41 AM client.ClientLogger log
INFO: Sent: print
Oct 04, 2024 11:37:41 AM client.ClientLogger log
INFO: Received: {key1=value1, key2=value2, key5=value5, key6=value6, key3=value3, key4=value4}
Oct 04, 2024 11:37:50 AM client.ClientLogger log
INFO: Sent: remove key8
Oct 04, 2024 11:37:50 AM client.ClientLogger log
INFO: Received: Removed: key8
Oct 04, 2024 11:40:48 AM client.ClientLogger log
INFO: Sent: print
Oct 04, 2024 11:40:48 AM client.ClientLogger log
INFO: Received: {key1=value1, key2=value2, key5=value5, key3=value3, key4=value4}
Oct 04, 2024 11:40:58 AM client.ClientLogger log
INFO: Sent: put key7 value7
Oct 04, 2024 11:40:58 AM client.ClientLogger log
INFO: Received: Put: (key7, value7)
Oct 04, 2024 11:41:01 AM client.ClientLogger log
INFO: Sent: get key8
Oct 04, 2024 11:41:01 AM client.ClientLogger log
INFO: Received: Get: null
Oct 04, 2024 11:41:08 AM client.ClientLogger log
INFO: Sent: remove key8
Oct 04, 2024 11:41:08 AM client.ClientLogger log
INFO: Received: ERROR: Key not found
Oct 04, 2024 11:42:19 AM client.ClientLogger log
INFO: Sent: print
Oct 04, 2024 11:42:19 AM client.ClientLogger log
INFO: Received: {key1=value1, key2=value2, key5=value5, key3=value3, key4=value4}
Oct 04, 2024 11:42:22 AM client.ClientLogger log
INFO: Sent: get key7
Oct 04, 2024 11:42:22 AM client.ClientLogger log
INFO: Received: Get: Key not found
Oct 04, 2024 11:42:28 AM client.ClientLogger log
INFO: Sent: get key5
Oct 04, 2024 11:42:28 AM client.ClientLogger log
INFO: Received: Get: value5
Oct 04, 2024 11:42:37 AM client.ClientLogger log
INFO: Sent: remove key7
Oct 04, 2024 11:42:37 AM client.ClientLogger log
INFO: Received: ERROR: Key not found
Oct 04, 2024 11:42:42 AM client.ClientLogger log
INFO: Sent: exit
Oct 04, 2024 11:42:42 AM client.ClientLogger log
INFO: Received: Received exit command. Server continues to run.
Oct 04, 2024 11:46:33 AM client.ClientLogger log
INFO: Sent: print
Oct 04, 2024 11:46:50 AM client.ClientLogger log
INFO: Sent: print
Oct 04, 2024 11:46:50 AM client.ClientLogger log
INFO: Received: {key1=value1, key2=value2, key5=value5, key3=value3, key4=value4}
