Oct 03, 2024 10:26:19 PM server.ServerLogger log
INFO: Starting TCP Server on port 12345
Oct 03, 2024 10:26:19 PM server.ServerLogger log
INFO: TCP Server is running on port 12345
Oct 03, 2024 10:26:40 PM server.ServerLogger log
INFO: Received command: put key6 value6
Oct 03, 2024 10:26:40 PM server.ServerLogger log
INFO: Put: (key6, value6)
Oct 03, 2024 10:26:54 PM server.ServerLogger log
INFO: Received command: get key3
Oct 03, 2024 10:26:54 PM server.ServerLogger log
INFO: Get: value3
Oct 03, 2024 10:35:31 PM server.ServerLogger log
INFO: Starting TCP Server on port 12345
Oct 03, 2024 10:35:31 PM server.ServerLogger log
INFO: TCP Server is running on port 12345
Oct 03, 2024 10:47:09 PM server.ServerLogger log
INFO: Received: get key3
Oct 03, 2024 10:47:09 PM server.ServerLogger log
INFO: Processed command: get key3
Oct 03, 2024 10:47:22 PM server.ServerLogger log
INFO: Received: put key6 value6
Oct 03, 2024 10:47:22 PM server.ServerLogger log
INFO: Processed command: put key6 value6
Oct 03, 2024 10:47:34 PM server.ServerLogger log
INFO: Received: remove key4
Oct 03, 2024 10:47:34 PM server.ServerLogger log
INFO: Processed command: remove key4
Oct 03, 2024 10:47:43 PM server.ServerLogger log
INFO: Received: exit
Oct 03, 2024 10:47:43 PM server.ServerLogger log
INFO: Server stopping...
Oct 03, 2024 10:57:21 PM server.ServerLogger log
INFO: Received: put key6 value6
Oct 03, 2024 10:57:21 PM server.ServerLogger log
INFO: Processed command: put key6 value6
Oct 03, 2024 10:57:30 PM server.ServerLogger log
INFO: Received: get key5
Oct 03, 2024 10:57:30 PM server.ServerLogger log
INFO: Processed command: get key5
Oct 03, 2024 10:57:42 PM server.ServerLogger log
INFO: Received: put key4 value8
Oct 03, 2024 10:57:42 PM server.ServerLogger log
INFO: Processed command: put key4 value8
Oct 03, 2024 10:57:53 PM server.ServerLogger log
INFO: Received: remove key4
Oct 03, 2024 10:57:53 PM server.ServerLogger log
INFO: Processed command: remove key4
Oct 03, 2024 10:57:56 PM server.ServerLogger log
INFO: Received: exit
Oct 03, 2024 10:57:56 PM server.ServerLogger log
INFO: Server stopping...
Oct 03, 2024 11:08:14 PM server.ServerLogger log
INFO: Received: put key6 value6
Oct 03, 2024 11:08:14 PM server.ServerLogger log
INFO: Processed command: put key6 value6
Oct 03, 2024 11:08:22 PM server.ServerLogger log
INFO: Received: get key6
Oct 03, 2024 11:08:22 PM server.ServerLogger log
INFO: Processed command: get key6
Oct 03, 2024 11:08:29 PM server.ServerLogger log
INFO: Received: remove key4
Oct 03, 2024 11:08:29 PM server.ServerLogger log
INFO: Processed command: remove key4
Oct 03, 2024 11:08:32 PM server.ServerLogger log
INFO: Received: exit
Oct 03, 2024 11:08:32 PM server.ServerLogger log
INFO: Server stopping...
Oct 03, 2024 11:34:24 PM server.ServerLogger log
INFO: Received: print map
Oct 03, 2024 11:34:24 PM server.ServerLogger log
INFO: Processed command: print map
Oct 03, 2024 11:35:09 PM server.ServerLogger log
INFO: Received: print
Oct 03, 2024 11:35:09 PM server.ServerLogger log
INFO: Processed command: print
Oct 03, 2024 11:37:50 PM server.ServerLogger log
INFO: Received: 
Oct 03, 2024 11:37:50 PM server.ServerLogger log
INFO: Processed command: 
Oct 03, 2024 11:37:53 PM server.ServerLogger log
INFO: Received: exit
Oct 03, 2024 11:37:53 PM server.ServerLogger log
INFO: Server stopping...
Oct 03, 2024 11:39:15 PM server.ServerLogger log
INFO: Received: print
Oct 03, 2024 11:39:15 PM server.ServerLogger log
INFO: Processed command: print
Oct 03, 2024 11:40:03 PM server.ServerLogger log
INFO: Received: put key6 value6
Oct 03, 2024 11:40:03 PM server.ServerLogger log
INFO: Processed command: put key6 value6
Oct 03, 2024 11:40:11 PM server.ServerLogger log
INFO: Received: print
Oct 03, 2024 11:40:11 PM server.ServerLogger log
INFO: Processed command: print
Oct 03, 2024 11:40:16 PM server.ServerLogger log
INFO: Received: get key5
Oct 03, 2024 11:40:16 PM server.ServerLogger log
INFO: Processed command: get key5
Oct 03, 2024 11:40:22 PM server.ServerLogger log
INFO: Received: remove key6
Oct 03, 2024 11:40:22 PM server.ServerLogger log
INFO: Processed command: remove key6
Oct 03, 2024 11:40:24 PM server.ServerLogger log
INFO: Received: print
Oct 03, 2024 11:40:24 PM server.ServerLogger log
INFO: Processed command: print
Oct 03, 2024 11:40:27 PM server.ServerLogger log
INFO: Received: exit
Oct 03, 2024 11:40:27 PM server.ServerLogger log
INFO: Server stopping...
Oct 04, 2024 10:32:00 AM server.ServerLogger log
INFO: Received: put 1 value3
Oct 04, 2024 10:32:00 AM server.ServerLogger log
INFO: Processed command: put 1 value3
Oct 04, 2024 10:32:04 AM server.ServerLogger log
INFO: Received: print
Oct 04, 2024 10:32:04 AM server.ServerLogger log
INFO: Processed command: print
Oct 04, 2024 10:32:33 AM server.ServerLogger log
INFO: Received: put 3.5 value7
Oct 04, 2024 10:32:33 AM server.ServerLogger log
INFO: Processed command: put 3.5 value7
Oct 04, 2024 10:32:35 AM server.ServerLogger log
INFO: Received: print
Oct 04, 2024 10:32:35 AM server.ServerLogger log
INFO: Processed command: print
Oct 04, 2024 10:32:42 AM server.ServerLogger log
INFO: Received: get 3.5
Oct 04, 2024 10:32:42 AM server.ServerLogger log
INFO: Processed command: get 3.5
Oct 04, 2024 10:32:52 AM server.ServerLogger log
INFO: Received: put 4+3 7
Oct 04, 2024 10:32:52 AM server.ServerLogger log
INFO: Processed command: put 4+3 7
Oct 04, 2024 11:02:10 AM server.ServerLogger log
INFO: Received: exit
Oct 04, 2024 11:02:10 AM server.ServerLogger log
INFO: Processed command: exit
Oct 04, 2024 11:23:39 AM server.ServerLogger log
INFO: Received: put key6 value6
Oct 04, 2024 11:23:39 AM server.ServerLogger log
INFO: Processed command: put key6 value6
Oct 04, 2024 11:23:41 AM server.ServerLogger log
INFO: Received: print
Oct 04, 2024 11:23:41 AM server.ServerLogger log
INFO: Processed command: print
Oct 04, 2024 11:23:48 AM server.ServerLogger log
INFO: Received: get key4
Oct 04, 2024 11:23:48 AM server.ServerLogger log
INFO: Processed command: get key4
Oct 04, 2024 11:23:50 AM server.ServerLogger log
INFO: Received: print
Oct 04, 2024 11:23:50 AM server.ServerLogger log
INFO: Processed command: print
Oct 04, 2024 11:23:56 AM server.ServerLogger log
INFO: Received: remove key3
Oct 04, 2024 11:23:56 AM server.ServerLogger log
INFO: Processed command: remove key3
Oct 04, 2024 11:24:15 AM server.ServerLogger log
INFO: Received: exit
Oct 04, 2024 11:24:15 AM server.ServerLogger log
INFO: Processed command: exit
Oct 04, 2024 11:30:11 AM server.ServerLogger log
INFO: Received: print
Oct 04, 2024 11:30:11 AM server.ServerLogger log
INFO: Processed command: print
Oct 04, 2024 11:30:20 AM server.ServerLogger log
INFO: Received: put key6 value6
Oct 04, 2024 11:30:20 AM server.ServerLogger log
INFO: Processed command: put key6 value6
Oct 04, 2024 11:30:23 AM server.ServerLogger log
INFO: Received: print
Oct 04, 2024 11:30:23 AM server.ServerLogger log
INFO: Processed command: print
Oct 04, 2024 11:30:29 AM server.ServerLogger log
INFO: Received: get key2
Oct 04, 2024 11:30:29 AM server.ServerLogger log
INFO: Processed command: get key2
Oct 04, 2024 11:30:35 AM server.ServerLogger log
INFO: Received: remove key3
Oct 04, 2024 11:30:35 AM server.ServerLogger log
INFO: Processed command: remove key3
Oct 04, 2024 11:30:38 AM server.ServerLogger log
INFO: Received: print
Oct 04, 2024 11:30:38 AM server.ServerLogger log
INFO: Processed command: print
Oct 04, 2024 11:30:41 AM server.ServerLogger log
INFO: Received: exit
Oct 04, 2024 11:30:41 AM server.ServerLogger log
INFO: Processed command: exit
Oct 04, 2024 11:36:43 AM server.ServerLogger log
INFO: Received: print
Oct 04, 2024 11:36:43 AM server.ServerLogger log
INFO: Processed command: print
Oct 04, 2024 11:36:53 AM server.ServerLogger log
INFO: Received: put key6 value6
Oct 04, 2024 11:36:53 AM server.ServerLogger log
INFO: Processed command: put key6 value6
Oct 04, 2024 11:36:58 AM server.ServerLogger log
INFO: Received: get key3
Oct 04, 2024 11:36:58 AM server.ServerLogger log
INFO: Processed command: get key3
Oct 04, 2024 11:37:05 AM server.ServerLogger log
INFO: Received: remove key7
Oct 04, 2024 11:37:05 AM server.ServerLogger log
INFO: Processed command: remove key7
Oct 04, 2024 11:37:09 AM server.ServerLogger log
INFO: Received: print
Oct 04, 2024 11:37:09 AM server.ServerLogger log
INFO: Processed command: print
Oct 04, 2024 11:37:29 AM server.ServerLogger log
INFO: Received: get key7 
Oct 04, 2024 11:37:29 AM server.ServerLogger log
INFO: Processed command: get key7 
Oct 04, 2024 11:37:37 AM server.ServerLogger log
INFO: Received: remove get5
Oct 04, 2024 11:37:37 AM server.ServerLogger log
INFO: Processed command: remove get5
Oct 04, 2024 11:37:39 AM server.ServerLogger log
INFO: Received: prin
Oct 04, 2024 11:37:39 AM server.ServerLogger log
INFO: Processed command: prin
Oct 04, 2024 11:37:41 AM server.ServerLogger log
INFO: Received: print
Oct 04, 2024 11:37:41 AM server.ServerLogger log
INFO: Processed command: print
Oct 04, 2024 11:37:50 AM server.ServerLogger log
INFO: Received: remove key8
Oct 04, 2024 11:37:50 AM server.ServerLogger log
INFO: Processed command: remove key8
Oct 04, 2024 11:40:48 AM server.ServerLogger log
INFO: Received: print
Oct 04, 2024 11:40:48 AM server.ServerLogger log
INFO: Processed command: print
Oct 04, 2024 11:40:58 AM server.ServerLogger log
INFO: Received: put key7 value7
Oct 04, 2024 11:40:58 AM server.ServerLogger log
INFO: Processed command: put key7 value7
Oct 04, 2024 11:41:01 AM server.ServerLogger log
INFO: Received: get key8
Oct 04, 2024 11:41:01 AM server.ServerLogger log
INFO: Processed command: get key8
Oct 04, 2024 11:41:08 AM server.ServerLogger log
INFO: Received: remove key8
Oct 04, 2024 11:41:08 AM server.ServerLogger log
INFO: Processed command: remove key8
Oct 04, 2024 11:42:19 AM server.ServerLogger log
INFO: Received: print
Oct 04, 2024 11:42:19 AM server.ServerLogger log
INFO: Processed command: print
Oct 04, 2024 11:42:22 AM server.ServerLogger log
INFO: Received: get key7
Oct 04, 2024 11:42:22 AM server.ServerLogger log
INFO: Processed command: get key7
Oct 04, 2024 11:42:28 AM server.ServerLogger log
INFO: Received: get key5
Oct 04, 2024 11:42:28 AM server.ServerLogger log
INFO: Processed command: get key5
Oct 04, 2024 11:42:37 AM server.ServerLogger log
INFO: Received: remove key7
Oct 04, 2024 11:42:37 AM server.ServerLogger log
INFO: Processed command: remove key7
Oct 04, 2024 11:42:42 AM server.ServerLogger log
INFO: Received: exit
Oct 04, 2024 11:42:42 AM server.ServerLogger log
INFO: Processed command: exit
Oct 04, 2024 11:46:50 AM server.ServerLogger log
INFO: Received: print
Oct 04, 2024 11:46:50 AM server.ServerLogger log
INFO: Processed command: print
